<?xml version="1.0" encoding="UTF-8"?>
<!-- Generated by org.testng.reporters.JUnitReportReporter -->
<testsuite hostname="RRT-DellG3-2K24" failures="0" tests="6" name="Tests.Test1" time="13.789" errors="0" timestamp="2025-03-22T16:19:58 IST" skipped="0">
  <testcase classname="Tests.Test1" name="testPageLoad" time="0.013"/>
  <testcase classname="Tests.Test1" name="testPageLoad" time="0.026"/>
  <testcase classname="Tests.Test1" name="testPageLoad" time="0.046"/>
  <testcase classname="Tests.Test1" name="loginSwagLabs" time="4.860"/>
  <testcase classname="Tests.Test1" name="loginSwagLabs" time="4.359"/>
  <testcase classname="Tests.Test1" name="loginSwagLabs" time="4.485"/>
</testsuite> <!-- Tests.Test1 -->
